2020-11-10 04:32:04.6902||DEBUG|Sixerr.Program|init main 
2020-11-10 04:32:06.4942||INFO|Microsoft.Hosting.Lifetime|Application started. Press Ctrl+C to shut down. 
2020-11-10 04:32:06.5020||INFO|Microsoft.Hosting.Lifetime|Hosting environment: Development 
2020-11-10 04:32:06.5148||INFO|Microsoft.Hosting.Lifetime|Content root path: C:\Users\kraso\Desktop\Study\IGI 2\Sixerr\Sixerr 
2020-11-10 04:33:34.9431||DEBUG|Sixerr.Program|init main 
2020-11-10 04:33:35.2699||INFO|Microsoft.Hosting.Lifetime|Application started. Press Ctrl+C to shut down. 
2020-11-10 04:33:35.2699||INFO|Microsoft.Hosting.Lifetime|Hosting environment: Development 
2020-11-10 04:33:35.2804||INFO|Microsoft.Hosting.Lifetime|Content root path: C:\Users\kraso\Desktop\Study\IGI 2\Sixerr\Sixerr 
2020-11-10 04:36:27.4100||DEBUG|Sixerr.Program|init main 
2020-11-10 04:36:27.7691||INFO|Microsoft.Hosting.Lifetime|Application started. Press Ctrl+C to shut down. 
2020-11-10 04:36:27.7691||INFO|Microsoft.Hosting.Lifetime|Hosting environment: Development 
2020-11-10 04:36:27.7817||INFO|Microsoft.Hosting.Lifetime|Content root path: C:\Users\kraso\Desktop\Study\IGI 2\Sixerr\Sixerr 
2020-11-10 04:36:45.5152|20102|ERROR|Microsoft.EntityFrameworkCore.Database.Command|Failed executing DbCommand (3,944ms) [Parameters=[], CommandType='Text', CommandTimeout='60']
CREATE DATABASE [AppDbNew]; 
2020-11-10 04:39:13.7196||DEBUG|Sixerr.Program|init main 
2020-11-10 04:39:14.0577||INFO|Microsoft.Hosting.Lifetime|Application started. Press Ctrl+C to shut down. 
2020-11-10 04:39:14.0618||INFO|Microsoft.Hosting.Lifetime|Hosting environment: Development 
2020-11-10 04:39:14.0618||INFO|Microsoft.Hosting.Lifetime|Content root path: C:\Users\kraso\Desktop\Study\IGI 2\Sixerr\Sixerr 
2020-11-10 04:40:26.2392||DEBUG|Sixerr.Program|init main 
2020-11-10 04:40:26.5824||INFO|Microsoft.Hosting.Lifetime|Application started. Press Ctrl+C to shut down. 
2020-11-10 04:40:26.5824||INFO|Microsoft.Hosting.Lifetime|Hosting environment: Development 
2020-11-10 04:40:26.5936||INFO|Microsoft.Hosting.Lifetime|Content root path: C:\Users\kraso\Desktop\Study\IGI 2\Sixerr\Sixerr 
2020-11-10 04:41:54.6353||DEBUG|Sixerr.Program|init main 
2020-11-10 04:41:54.9734||INFO|Microsoft.Hosting.Lifetime|Application started. Press Ctrl+C to shut down. 
2020-11-10 04:41:54.9734||INFO|Microsoft.Hosting.Lifetime|Hosting environment: Development 
2020-11-10 04:41:54.9850||INFO|Microsoft.Hosting.Lifetime|Content root path: C:\Users\kraso\Desktop\Study\IGI 2\Sixerr\Sixerr 
2020-11-10 04:43:15.8716||DEBUG|Sixerr.Program|init main 
2020-11-10 04:43:16.3195||INFO|Microsoft.Hosting.Lifetime|Application started. Press Ctrl+C to shut down. 
2020-11-10 04:43:16.3195||INFO|Microsoft.Hosting.Lifetime|Hosting environment: Development 
2020-11-10 04:43:16.3333||INFO|Microsoft.Hosting.Lifetime|Content root path: C:\Users\kraso\Desktop\Study\IGI 2\Sixerr\Sixerr 
2020-11-10 04:46:38.9087||DEBUG|Sixerr.Program|init main 
2020-11-10 04:46:39.3211||INFO|Microsoft.Hosting.Lifetime|Application started. Press Ctrl+C to shut down. 
2020-11-10 04:46:39.3257||INFO|Microsoft.Hosting.Lifetime|Hosting environment: Development 
2020-11-10 04:46:39.3257||INFO|Microsoft.Hosting.Lifetime|Content root path: C:\Users\kraso\Desktop\Study\IGI 2\Sixerr\Sixerr 
2020-11-10 04:47:37.8095||DEBUG|Sixerr.Program|init main 
2020-11-10 04:47:38.1383||INFO|Microsoft.Hosting.Lifetime|Application started. Press Ctrl+C to shut down. 
2020-11-10 04:47:38.1383||INFO|Microsoft.Hosting.Lifetime|Hosting environment: Development 
2020-11-10 04:47:38.1383||INFO|Microsoft.Hosting.Lifetime|Content root path: C:\Users\kraso\Desktop\Study\IGI 2\Sixerr\Sixerr 
