2020-10-23 02:01:26.1722||DEBUG|Sixerr.Program|init main 
2020-10-23 02:01:26.6112||INFO|Microsoft.Hosting.Lifetime|Now listening on: https://localhost:5001 
2020-10-23 02:01:26.6251||INFO|Microsoft.Hosting.Lifetime|Now listening on: http://localhost:5000 
2020-10-23 02:01:26.6251||INFO|Microsoft.Hosting.Lifetime|Application started. Press Ctrl+C to shut down. 
2020-10-23 02:01:26.6251||INFO|Microsoft.Hosting.Lifetime|Hosting environment: Development 
2020-10-23 02:01:26.6251||INFO|Microsoft.Hosting.Lifetime|Content root path: C:\Users\kraso\Desktop\Study\IGI 2\Sixerr\Sixerr 
2020-10-23 02:02:21.3399||DEBUG|Sixerr.Program|init main 
2020-10-23 02:02:21.7631||INFO|Microsoft.Hosting.Lifetime|Now listening on: https://localhost:5001 
2020-10-23 02:02:21.7752||INFO|Microsoft.Hosting.Lifetime|Now listening on: http://localhost:5000 
2020-10-23 02:02:21.7752||INFO|Microsoft.Hosting.Lifetime|Application started. Press Ctrl+C to shut down. 
2020-10-23 02:02:21.7845||INFO|Microsoft.Hosting.Lifetime|Hosting environment: Development 
2020-10-23 02:02:21.7845||INFO|Microsoft.Hosting.Lifetime|Content root path: C:\Users\kraso\Desktop\Study\IGI 2\Sixerr\Sixerr 
2020-10-23 02:03:07.7265||DEBUG|Sixerr.Program|init main 
2020-10-23 02:03:08.1220||INFO|Microsoft.Hosting.Lifetime|Now listening on: https://localhost:5001 
2020-10-23 02:03:08.1347||INFO|Microsoft.Hosting.Lifetime|Now listening on: http://localhost:5000 
2020-10-23 02:03:08.1402||INFO|Microsoft.Hosting.Lifetime|Application started. Press Ctrl+C to shut down. 
2020-10-23 02:03:08.1402||INFO|Microsoft.Hosting.Lifetime|Hosting environment: Development 
2020-10-23 02:03:08.1402||INFO|Microsoft.Hosting.Lifetime|Content root path: C:\Users\kraso\Desktop\Study\IGI 2\Sixerr\Sixerr 
2020-10-23 02:03:54.6138||DEBUG|Sixerr.Program|init main 
2020-10-23 02:03:54.9468||INFO|Microsoft.Hosting.Lifetime|Application started. Press Ctrl+C to shut down. 
2020-10-23 02:03:54.9541||INFO|Microsoft.Hosting.Lifetime|Hosting environment: Development 
2020-10-23 02:03:54.9541||INFO|Microsoft.Hosting.Lifetime|Content root path: C:\Users\kraso\Desktop\Study\IGI 2\Sixerr\Sixerr 
2020-10-23 02:04:41.7034||DEBUG|Sixerr.Program|init main 
2020-10-23 02:04:42.0355||INFO|Microsoft.Hosting.Lifetime|Application started. Press Ctrl+C to shut down. 
2020-10-23 02:04:42.0355||INFO|Microsoft.Hosting.Lifetime|Hosting environment: Development 
2020-10-23 02:04:42.0465||INFO|Microsoft.Hosting.Lifetime|Content root path: C:\Users\kraso\Desktop\Study\IGI 2\Sixerr\Sixerr 
